<?xml version="1.0" encoding="UTF-8"?>
<!-- Generated by org.testng.reporters.JUnitReportReporter -->
<testsuite skipped="0" hostname="DESKTOP-GTACTI3" name="com.gaptest.testCases.LoginTC_001" tests="1" failures="0" timestamp="28 Jul 2019 23:50:17 GMT" time="1.879" errors="0">
  <testcase name="loginUserTest" time="1.879" classname="com.gaptest.testCases.LoginTC_001"/>
</testsuite> <!-- com.gaptest.testCases.LoginTC_001 -->
