<?xml version="1.0" encoding="UTF-8"?>
<!-- Generated by org.testng.reporters.JUnitReportReporter -->
<testsuite skipped="0" hostname="DESKTOP-GTACTI3" name="com.gaptest.testCases.CreateEmployeeTC_002" tests="1" failures="0" timestamp="28 Jul 2019 23:50:17 GMT" time="5.271" errors="0">
  <testcase name="createEmployeeTest" time="5.271" classname="com.gaptest.testCases.CreateEmployeeTC_002"/>
</testsuite> <!-- com.gaptest.testCases.CreateEmployeeTC_002 -->
